<?xml version="1.0" encoding="UTF-8"?>
<testng-results ignored="0" total="9" passed="7" failed="2" skipped="0">
  <reporter-output>
  </reporter-output>
  <suite started-at="2023-05-29T08:39:18 IST" name="Default suite" finished-at="2023-05-29T08:40:54 IST" duration-ms="96072">
    <groups>
      <group name="cucumber">
        <method signature="AbstractTestNGCucumberTests.runScenario(io.cucumber.testng.PickleWrapper,io.cucumber.testng.FeatureWrapper)[pri:0, instance:testRunners.parallelRunner@f78a47e]" name="runScenario" class="io.cucumber.testng.AbstractTestNGCucumberTests"/>
      </group> <!-- cucumber -->
    </groups>
    <test started-at="2023-05-29T08:39:18 IST" name="Default test" finished-at="2023-05-29T08:40:54 IST" duration-ms="96072">
      <class name="testRunners.parallelRunner">
        <test-method is-config="true" signature="setUpClass(org.testng.ITestContext)[pri:0, instance:testRunners.parallelRunner@f78a47e]" started-at="2023-05-29T08:39:18 IST" name="setUpClass" finished-at="2023-05-29T08:39:19 IST" duration-ms="1097" status="PASS">
          <params>
            <param index="0">
              <value>
                <![CDATA[org.testng.TestRunner@5e85c21b]]>
              </value>
            </param>
          </params>
          <reporter-output>
          </reporter-output>
        </test-method> <!-- setUpClass -->
        <test-method signature="runScenario(io.cucumber.testng.PickleWrapper,io.cucumber.testng.FeatureWrapper)[pri:0, instance:testRunners.parallelRunner@f78a47e]" started-at="2023-05-29T08:39:19 IST" name="runScenario" description="Runs Cucumber Scenarios" data-provider="scenarios" finished-at="2023-05-29T08:39:56 IST" duration-ms="36489" status="PASS">
          <params>
            <param index="0">
              <value>
                <![CDATA["verify the Signup or Login button"]]>
              </value>
            </param>
            <param index="1">
              <value>
                <![CDATA["Home page"]]>
              </value>
            </param>
          </params>
          <reporter-output>
          </reporter-output>
        </test-method> <!-- runScenario -->
        <test-method signature="runScenario(io.cucumber.testng.PickleWrapper,io.cucumber.testng.FeatureWrapper)[pri:0, instance:testRunners.parallelRunner@f78a47e]" started-at="2023-05-29T08:39:19 IST" name="runScenario" description="Runs Cucumber Scenarios" data-provider="scenarios" finished-at="2023-05-29T08:40:09 IST" duration-ms="49668" status="PASS">
          <params>
            <param index="0">
              <value>
                <![CDATA["Login Feature with correct credentials"]]>
              </value>
            </param>
            <param index="1">
              <value>
                <![CDATA["Login/signup Page Feature"]]>
              </value>
            </param>
          </params>
          <reporter-output>
          </reporter-output>
        </test-method> <!-- runScenario -->
        <test-method signature="runScenario(io.cucumber.testng.PickleWrapper,io.cucumber.testng.FeatureWrapper)[pri:0, instance:testRunners.parallelRunner@f78a47e]" started-at="2023-05-29T08:39:19 IST" name="runScenario" description="Runs Cucumber Scenarios" data-provider="scenarios" finished-at="2023-05-29T08:40:36 IST" duration-ms="76125" status="FAIL">
          <params>
            <param index="0">
              <value>
                <![CDATA["enter Account information"]]>
              </value>
            </param>
            <param index="1">
              <value>
                <![CDATA["Registration page"]]>
              </value>
            </param>
          </params>
          <exception class="org.openqa.selenium.NoSuchElementException">
            <message>
              <![CDATA[no such element: Unable to locate element: {"method":"xpath","selector":"//li[10]//a[1]"}
  (Session info: chrome=113.0.5672.127)
For documentation on this error, please visit: https://selenium.dev/exceptions/#no_such_element
Build info: version: '4.9.1', revision: 'eb2032df7f'
System info: os.name: 'Windows 11', os.arch: 'amd64', os.version: '10.0', java.version: '17.0.7'
Driver info: org.openqa.selenium.chrome.ChromeDriver
Command: [cde32f8aacd0ae8d2ebc36bb0fd74cf3, findElement {using=xpath, value=//li[10]//a[1]}]
Capabilities {acceptInsecureCerts: false, browserName: chrome, browserVersion: 113.0.5672.127, chrome: {chromedriverVersion: 113.0.5672.63 (0e1a4471d5ae..., userDataDir: C:\Users\anoka\AppData\Loca...}, goog:chromeOptions: {debuggerAddress: localhost:62380}, networkConnectionEnabled: false, pageLoadStrategy: normal, platformName: windows, proxy: Proxy(), se:cdp: ws://localhost:62380/devtoo..., se:cdpVersion: 113.0.5672.127, setWindowRect: true, strictFileInteractability: false, timeouts: {implicit: 0, pageLoad: 300000, script: 30000}, unhandledPromptBehavior: dismiss and notify, webauthn:extension:credBlob: true, webauthn:extension:largeBlob: true, webauthn:extension:minPinLength: true, webauthn:extension:prf: true, webauthn:virtualAuthenticators: true}
Session ID: cde32f8aacd0ae8d2ebc36bb0fd74cf3]]>
            </message>
            <full-stacktrace>
              <![CDATA[org.openqa.selenium.NoSuchElementException: no such element: Unable to locate element: {"method":"xpath","selector":"//li[10]//a[1]"}
  (Session info: chrome=113.0.5672.127)
For documentation on this error, please visit: https://selenium.dev/exceptions/#no_such_element
Build info: version: '4.9.1', revision: 'eb2032df7f'
System info: os.name: 'Windows 11', os.arch: 'amd64', os.version: '10.0', java.version: '17.0.7'
Driver info: org.openqa.selenium.chrome.ChromeDriver
Command: [cde32f8aacd0ae8d2ebc36bb0fd74cf3, findElement {using=xpath, value=//li[10]//a[1]}]
Capabilities {acceptInsecureCerts: false, browserName: chrome, browserVersion: 113.0.5672.127, chrome: {chromedriverVersion: 113.0.5672.63 (0e1a4471d5ae..., userDataDir: C:\Users\anoka\AppData\Loca...}, goog:chromeOptions: {debuggerAddress: localhost:62380}, networkConnectionEnabled: false, pageLoadStrategy: normal, platformName: windows, proxy: Proxy(), se:cdp: ws://localhost:62380/devtoo..., se:cdpVersion: 113.0.5672.127, setWindowRect: true, strictFileInteractability: false, timeouts: {implicit: 0, pageLoad: 300000, script: 30000}, unhandledPromptBehavior: dismiss and notify, webauthn:extension:credBlob: true, webauthn:extension:largeBlob: true, webauthn:extension:minPinLength: true, webauthn:extension:prf: true, webauthn:virtualAuthenticators: true}
Session ID: cde32f8aacd0ae8d2ebc36bb0fd74cf3
at java.base/jdk.internal.reflect.NativeConstructorAccessorImpl.newInstance0(Native Method)
at java.base/jdk.internal.reflect.NativeConstructorAccessorImpl.newInstance(NativeConstructorAccessorImpl.java:77)
at java.base/jdk.internal.reflect.DelegatingConstructorAccessorImpl.newInstance(DelegatingConstructorAccessorImpl.java:45)
at java.base/java.lang.reflect.Constructor.newInstanceWithCaller(Constructor.java:499)
at java.base/java.lang.reflect.Constructor.newInstance(Constructor.java:480)
at org.openqa.selenium.remote.codec.w3c.W3CHttpResponseCodec.createException(W3CHttpResponseCodec.java:200)
at org.openqa.selenium.remote.codec.w3c.W3CHttpResponseCodec.decode(W3CHttpResponseCodec.java:133)
at org.openqa.selenium.remote.codec.w3c.W3CHttpResponseCodec.decode(W3CHttpResponseCodec.java:53)
at org.openqa.selenium.remote.HttpCommandExecutor.execute(HttpCommandExecutor.java:193)
at org.openqa.selenium.remote.service.DriverCommandExecutor.invokeExecute(DriverCommandExecutor.java:183)
at org.openqa.selenium.remote.service.DriverCommandExecutor.execute(DriverCommandExecutor.java:158)
at org.openqa.selenium.remote.RemoteWebDriver.execute(RemoteWebDriver.java:543)
at org.openqa.selenium.remote.ElementLocation$ElementFinder$2.findElement(ElementLocation.java:162)
at org.openqa.selenium.remote.ElementLocation.findElement(ElementLocation.java:60)
at org.openqa.selenium.remote.RemoteWebDriver.findElement(RemoteWebDriver.java:352)
at org.openqa.selenium.remote.RemoteWebDriver.findElement(RemoteWebDriver.java:344)
at com.pages.HomePage.getLoggedinMsg(HomePage.java:44)
at stepDef.SignupOrSignInPageSteps.screen_should_show(SignupOrSignInPageSteps.java:33)
at ✽.screen should show "Logged in as test"(file:///C:/Users/anoka/eclipse-workspace/cuucmbertrainingSession202305/src/test/resources/AppFeatures/RegistrationPage.feature:17)
]]>
            </full-stacktrace>
          </exception> <!-- org.openqa.selenium.NoSuchElementException -->
          <reporter-output>
          </reporter-output>
        </test-method> <!-- runScenario -->
        <test-method signature="runScenario(io.cucumber.testng.PickleWrapper,io.cucumber.testng.FeatureWrapper)[pri:0, instance:testRunners.parallelRunner@f78a47e]" started-at="2023-05-29T08:39:19 IST" name="runScenario" description="Runs Cucumber Scenarios" data-provider="scenarios" finished-at="2023-05-29T08:40:01 IST" duration-ms="41912" status="PASS">
          <params>
            <param index="0">
              <value>
                <![CDATA["Login Feature with incorrect credentials"]]>
              </value>
            </param>
            <param index="1">
              <value>
                <![CDATA["Login/signup Page Feature"]]>
              </value>
            </param>
          </params>
          <reporter-output>
          </reporter-output>
        </test-method> <!-- runScenario -->
        <test-method signature="runScenario(io.cucumber.testng.PickleWrapper,io.cucumber.testng.FeatureWrapper)[pri:0, instance:testRunners.parallelRunner@f78a47e]" started-at="2023-05-29T08:39:19 IST" name="runScenario" description="Runs Cucumber Scenarios" data-provider="scenarios" finished-at="2023-05-29T08:39:55 IST" duration-ms="35979" status="PASS">
          <params>
            <param index="0">
              <value>
                <![CDATA["Register user with existing email"]]>
              </value>
            </param>
            <param index="1">
              <value>
                <![CDATA["Login/signup Page Feature"]]>
              </value>
            </param>
          </params>
          <reporter-output>
          </reporter-output>
        </test-method> <!-- runScenario -->
        <test-method signature="runScenario(io.cucumber.testng.PickleWrapper,io.cucumber.testng.FeatureWrapper)[pri:0, instance:testRunners.parallelRunner@f78a47e]" started-at="2023-05-29T08:39:19 IST" name="runScenario" description="Runs Cucumber Scenarios" data-provider="scenarios" finished-at="2023-05-29T08:40:14 IST" duration-ms="54540" status="PASS">
          <params>
            <param index="0">
              <value>
                <![CDATA["verify the signup title"]]>
              </value>
            </param>
            <param index="1">
              <value>
                <![CDATA["Login/signup Page Feature"]]>
              </value>
            </param>
          </params>
          <reporter-output>
          </reporter-output>
        </test-method> <!-- runScenario -->
        <test-method signature="runScenario(io.cucumber.testng.PickleWrapper,io.cucumber.testng.FeatureWrapper)[pri:0, instance:testRunners.parallelRunner@f78a47e]" started-at="2023-05-29T08:39:19 IST" name="runScenario" description="Runs Cucumber Scenarios" data-provider="scenarios" finished-at="2023-05-29T08:39:53 IST" duration-ms="33217" status="PASS">
          <params>
            <param index="0">
              <value>
                <![CDATA["verify the page title"]]>
              </value>
            </param>
            <param index="1">
              <value>
                <![CDATA["Home page"]]>
              </value>
            </param>
          </params>
          <reporter-output>
          </reporter-output>
        </test-method> <!-- runScenario -->
        <test-method signature="runScenario(io.cucumber.testng.PickleWrapper,io.cucumber.testng.FeatureWrapper)[pri:0, instance:testRunners.parallelRunner@f78a47e]" started-at="2023-05-29T08:39:19 IST" name="runScenario" description="Runs Cucumber Scenarios" data-provider="scenarios" finished-at="2023-05-29T08:40:18 IST" duration-ms="58732" status="FAIL">
          <params>
            <param index="0">
              <value>
                <![CDATA["verify the testcases button"]]>
              </value>
            </param>
            <param index="1">
              <value>
                <![CDATA["Home page"]]>
              </value>
            </param>
          </params>
          <exception class="org.junit.ComparisonFailure">
            <message>
              <![CDATA[expected:<Automation [Exercise]> but was:<Automation [Practice Website for UI Testing - Test Cases]>]]>
            </message>
            <full-stacktrace>
              <![CDATA[org.junit.ComparisonFailure: expected:<Automation [Exercise]> but was:<Automation [Practice Website for UI Testing - Test Cases]>
at org.junit.Assert.assertEquals(Assert.java:117)
at org.junit.Assert.assertEquals(Assert.java:146)
at stepDef.HomePageSteps.page_title_should_be(HomePageSteps.java:35)
at ✽.page title should be "Automation Practice Website for UI Testing - Test Cases"(file:///C:/Users/anoka/eclipse-workspace/cuucmbertrainingSession202305/src/test/resources/AppFeatures/HomePage.feature:14)
]]>
            </full-stacktrace>
          </exception> <!-- org.junit.ComparisonFailure -->
          <reporter-output>
          </reporter-output>
        </test-method> <!-- runScenario -->
        <test-method signature="runScenario(io.cucumber.testng.PickleWrapper,io.cucumber.testng.FeatureWrapper)[pri:0, instance:testRunners.parallelRunner@f78a47e]" started-at="2023-05-29T08:39:19 IST" name="runScenario" description="Runs Cucumber Scenarios" data-provider="scenarios" finished-at="2023-05-29T08:40:44 IST" duration-ms="84695" status="PASS">
          <params>
            <param index="0">
              <value>
                <![CDATA["verify Delete Account button"]]>
              </value>
            </param>
            <param index="1">
              <value>
                <![CDATA["Home page"]]>
              </value>
            </param>
          </params>
          <reporter-output>
          </reporter-output>
        </test-method> <!-- runScenario -->
        <test-method is-config="true" signature="tearDownClass()[pri:0, instance:testRunners.parallelRunner@f78a47e]" started-at="2023-05-29T08:40:44 IST" name="tearDownClass" finished-at="2023-05-29T08:40:54 IST" duration-ms="10238" status="PASS">
          <reporter-output>
          </reporter-output>
        </test-method> <!-- tearDownClass -->
      </class> <!-- testRunners.parallelRunner -->
    </test> <!-- Default test -->
  </suite> <!-- Default suite -->
</testng-results>
